{
  "id": "multiple-deciduous-holly",
  "kind": "acco-card",
  "content": {
    "displayName": "A beautiful Apartment",
    "cardContent": {
      "coverPhoto": {
        "photoPath": "https://accomade.twic.pics/prod/stock/photos/PXL_20220418_175413201.jpg",
        "alt": "accoCCCalt"
      },
      "blocks": [
        {
          "id": "proposed-sycamore-arizona",
          "kind": "amenities-core",
          "content": {
            "peopleMin": 2,
            "peopleMax": 4,
            "size": 55,
            "bedRooms": 2,
            "bathRooms": 1,
            "pets": true,
            "wifi": true,
            "smoking": false,
            "ac": false,
            "tv": true,
            "parking": true,
            "showPets": true,
            "showWifi": true,
            "showSmoking": true,
            "showAc": false,
            "showTv": true,
            "showParking": true
          }
        },
        {
          "id": "grotesque-great-ragweed",
          "content": {
            "showMaximum": true,
            "showMinimum": true,
            "footnote": "promising-tassel-weed",
            "entries": [
              {
                "from": "2024-09-01T02:00:00.000+02:00",
                "to": "2025-06-30T00:00:00.000Z",
                "entry": {
                  "perNightPrice": {
                    "scale": 2,
                    "amount": 5000,
                    "currency": {
                      "code": "EUR",
                      "base": 10,
                      "exponent": 2
                    }
                  },
                  "minNumberOfNights": 3,
                  "firstNightPrice": {
                    "scale": 2,
                    "amount": 8000,
                    "currency": {
                      "code": "EUR",
                      "base": 10,
                      "exponent": 2
                    }
                  }
                }
              },
              {
                "from": "2025-09-01T02:00:00.000+02:00",
                "to": "2026-06-30T00:00:00.000Z",
                "entry": {
                  "perNightPrice": {
                    "amount": 5000,
                    "scale": 2,
                    "currency": {
                      "code": "EUR",
                      "base": 10,
                      "exponent": 2
                    }
                  },
                  "minNumberOfNights": 3,
                  "firstNightPrice": {
                    "amount": 8000,
                    "scale": 2,
                    "currency": {
                      "code": "EUR",
                      "base": 10,
                      "exponent": 2
                    }
                  }
                }
              }
            ],
            "global": {
              "perNightPrice": {
                "amount": 7000,
                "currency": {
                  "code": "EUR",
                  "base": 10,
                  "exponent": 2
                },
                "scale": 2
              },
              "minNumberOfNights": 5,
              "firstNightPrice": {
                "amount": 10000,
                "currency": {
                  "code": "EUR",
                  "base": 10,
                  "exponent": 2
                },
                "scale": 2
              }
            }
          },
          "kind": "pricing-short"
        },
        {
          "id": "plastic-clover",
          "content": {
            "calUrl": "https://popnapdkcdnabruxkjti.supabase.co/storage/v1/object/public/ical/81e66599-ac3c-4ad6-b261-fceeb784f9e9/050edcb4-680e-4542-96df-3ae4a2af89a5",
            "search": [
              3,
              7,
              14
            ]
          },
          "kind": "calendar-available"
        }
      ]
    }
  }
}



